<?xml version="1.0" encoding="utf-8"?><testsuites name="pytest tests"><testsuite name="pytest" errors="0" failures="0" skipped="0" tests="22" time="50.013" timestamp="2026-09-10T12:23:24.732710+00:00" hostname="agent-env-18fd8c51-5eec-4262-9bdf-2696c25af43c"><testcase classname="tests.test_new_features.TestLoginRegression" name="test_wrong_secret_friendly" time="3.081" /><testcase classname="tests.test_new_features.TestLoginRegression" name="test_all_roles_login_status_flags" time="0.354" /><testcase classname="tests.test_new_features.TestValidation" name="test_owner_missing_full_name" time="0.155" /><testcase classname="tests.test_new_features.TestValidation" name="test_owner_missing_email" time="0.152" /><testcase classname="tests.test_new_features.TestValidation" name="test_owner_invalid_email" time="0.167" /><testcase classname="tests.test_new_features.TestValidation" name="test_owner_missing_cell" time="0.123" /><testcase classname="tests.test_new_features.TestValidation" name="test_owner_missing_rank" time="0.149" /><testcase classname="tests.test_new_features.TestValidation" name="test_owner_missing_pin" time="0.150" /><testcase classname="tests.test_new_features.TestValidation" name="test_marshal_missing_fields" time="0.154" /><testcase classname="tests.test_new_features.TestValidation" name="test_taxi_missing_registration" time="0.160" /><testcase classname="tests.test_new_features.TestValidation" name="test_taxi_missing_driver_fields" time="0.179" /><testcase classname="tests.test_new_features.TestValidation" name="test_taxi_zero_seats" time="0.157" /><testcase classname="tests.test_new_features.TestPublicPassengerDriverContact" name="test_public_taxi_has_driver_details" time="0.130" /><testcase classname="tests.test_new_features.TestPublicPassengerDriverContact" name="test_passenger_lookup_has_driver_details" time="0.209" /><testcase classname="tests.test_new_features.TestMarshalDepart" name="test_depart_not_in_queue" time="0.136" /><testcase classname="tests.test_new_features.TestMarshalDepart" name="test_short_route_add_then_depart" time="0.606" /><testcase classname="tests.test_new_features.TestMarshalDepart" name="test_long_distance_requires_passengers" time="0.473" /><testcase classname="tests.test_new_features.TestOwnerRevenue" name="test_owner_revenue_shape" time="0.151" /><testcase classname="tests.test_marshal_driver_flow.TestMarshalRankScope" name="test_add_taxi_from_other_rank_rejected" time="1.502" /><testcase classname="tests.test_marshal_driver_flow.TestMarshalRankScope" name="test_double_queue_rejected" time="20.654" /><testcase classname="tests.test_marshal_driver_flow.TestDriverJoinViaToken" name="test_join_with_correct_rank_token" time="20.810" /><testcase classname="tests.test_marshal_driver_flow.TestDriverJoinViaToken" name="test_join_with_wrong_rank_token" time="0.292" /></testsuite></testsuites>