<?xml version="1.0" encoding="utf-8"?><testsuites name="pytest tests"><testsuite name="pytest" errors="0" failures="0" skipped="0" tests="12" time="6.315" timestamp="2026-09-10T11:38:07.455187+00:00" hostname="agent-env-18fd8c51-5eec-4262-9bdf-2696c25af43c"><testcase classname="tests.test_login_reset" name="test_seeded_login_original_credentials[admin-siya@erank.co.za-erank2026-True]" time="0.605" /><testcase classname="tests.test_login_reset" name="test_seeded_login_original_credentials[admin-oara@erank.co.za-erank2026-True]" time="0.330" /><testcase classname="tests.test_login_reset" name="test_seeded_login_original_credentials[owner-Mzamo Vilakazi-123456-True]" time="0.394" /><testcase classname="tests.test_login_reset" name="test_seeded_login_original_credentials[owner-Ofentse Maakwe-123456-True]" time="0.381" /><testcase classname="tests.test_login_reset" name="test_seeded_login_original_credentials[marshal-Muzi Sogoni-123456789-True]" time="0.403" /><testcase classname="tests.test_login_reset" name="test_seeded_login_original_credentials[marshal-Lesedi Morata-123456789-True]" time="0.334" /><testcase classname="tests.test_login_reset" name="test_seeded_login_original_credentials[driver-Sizwe Dlomo-12345678-True]" time="0.378" /><testcase classname="tests.test_login_reset" name="test_seeded_login_original_credentials[driver-Owen Mathe-12345678-True]" time="0.348" /><testcase classname="tests.test_login_reset" name="test_seeded_login_original_credentials[passenger-Lizwi Lakhe-246810-False]" time="0.339" /><testcase classname="tests.test_login_reset" name="test_wrong_secret_returns_401" time="0.391" /><testcase classname="tests.test_login_reset" name="test_wrong_pin_owner_returns_401" time="0.373" /><testcase classname="tests.test_login_reset" name="test_change_secret_via_throwaway_passenger" time="1.460" /></testsuite></testsuites>