<?xml version="1.0" encoding="utf-8"?><testsuites name="pytest tests"><testsuite name="pytest" errors="0" failures="0" skipped="0" tests="41" time="67.073" timestamp="2026-09-10T11:18:00.022826+00:00" hostname="agent-env-18fd8c51-5eec-4262-9bdf-2696c25af43c"><testcase classname="tests.backend_test.TestPublic" name="test_ranks" time="0.307" /><testcase classname="tests.backend_test.TestPublic" name="test_routes" time="0.151" /><testcase classname="tests.backend_test.TestPublic" name="test_updates" time="0.168" /><testcase classname="tests.backend_test.TestPublic" name="test_search" time="0.138" /><testcase classname="tests.backend_test.TestPublic" name="test_public_taxi_safe" time="0.146" /><testcase classname="tests.backend_test.TestPublic" name="test_public_taxi_not_found" time="0.151" /><testcase classname="tests.backend_test.TestAuthAndChange" name="test_login_wrong_secret" time="0.351" /><testcase classname="tests.backend_test.TestAuthAndChange" name="test_admin_login_and_change" time="1.321" /><testcase classname="tests.backend_test.TestAuthAndChange" name="test_owner_login_and_change" time="26.430" /><testcase classname="tests.backend_test.TestAuthAndChange" name="test_marshal_login_and_change" time="5.515" /><testcase classname="tests.backend_test.TestAuthAndChange" name="test_driver_login_and_change" time="18.410" /><testcase classname="tests.backend_test.TestAuthAndChange" name="test_long_driver_change" time="1.359" /><testcase classname="tests.backend_test.TestAuthAndChange" name="test_passenger_login" time="0.340" /><testcase classname="tests.backend_test.TestRegister" name="test_passenger_register_phone_normalized" time="0.321" /><testcase classname="tests.backend_test.TestProfile" name="test_owner_edit_email_and_phone" time="0.180" /><testcase classname="tests.backend_test.TestProfile" name="test_marshal_email_ignored" time="0.124" /><testcase classname="tests.backend_test.TestProfile" name="test_driver_email_ignored" time="0.151" /><testcase classname="tests.backend_test.TestMarshal" name="test_scoped_queries" time="0.379" /><testcase classname="tests.backend_test.TestMarshal" name="test_qr_and_regenerate" time="0.273" /><testcase classname="tests.backend_test.TestMarshal" name="test_geo_toggle" time="0.145" /><testcase classname="tests.backend_test.TestMarshal" name="test_wrong_rank_add" time="0.144" /><testcase classname="tests.backend_test.TestMarshal" name="test_fare_update" time="0.468" /><testcase classname="tests.backend_test.TestMarshal" name="test_updates_crud" time="0.396" /><testcase classname="tests.backend_test.TestDriver" name="test_status" time="0.157" /><testcase classname="tests.backend_test.TestDriver" name="test_depart_without_queue" time="3.189" /><testcase classname="tests.backend_test.TestDriver" name="test_wrong_qr_join" time="0.182" /><testcase classname="tests.backend_test.TestDriver" name="test_wrong_rank_qr" time="1.345" /><testcase classname="tests.backend_test.TestDriver" name="test_join_correct_and_double" time="0.252" /><testcase classname="tests.backend_test.TestDriver" name="test_owner_replace_driver_blocked_while_queued" time="0.124" /><testcase classname="tests.backend_test.TestDriver" name="test_depart_local_success" time="0.304" /><testcase classname="tests.backend_test.TestDriver" name="test_long_distance_depart_requires_passengers" time="0.916" /><testcase classname="tests.backend_test.TestDriver" name="test_sos" time="0.307" /><testcase classname="tests.backend_test.TestOwner" name="test_owner_taxis_and_drivers_scoped" time="0.244" /><testcase classname="tests.backend_test.TestOwner" name="test_owner_revenue" time="0.119" /><testcase classname="tests.backend_test.TestOwner" name="test_revenue_export_xlsx" time="0.181" /><testcase classname="tests.backend_test.TestAdmin" name="test_overview" time="0.123" /><testcase classname="tests.backend_test.TestAdmin" name="test_users_by_role" time="0.719" /><testcase classname="tests.backend_test.TestAdmin" name="test_delete_driver_blocked" time="0.301" /><testcase classname="tests.backend_test.TestAdmin" name="test_admin_sos_list" time="0.185" /><testcase classname="tests.backend_test.TestAdmin" name="test_admin_taxis_queue_ops" time="0.400" /><testcase classname="tests.backend_test.TestAdmin" name="test_admin_create_delete_rank_route" time="0.526" /></testsuite></testsuites>