<?xml version="1.0" encoding="utf-8"?><testsuites name="pytest tests"><testsuite name="pytest" errors="0" failures="4" skipped="0" tests="8" time="6.509" timestamp="2026-09-10T12:03:52.084795+00:00" hostname="agent-env-18fd8c51-5eec-4262-9bdf-2696c25af43c"><testcase classname="tests.test_login_regression" name="test_seeded_login_success[admin-siya@erank.co.za-erank2026-True]" time="0.547"><failure message="AssertionError: admin/siya@erank.co.za login failed: 401 {&quot;detail&quot;:&quot;Wrong details. Please check and try again.&quot;}&#10;assert 401 == 200&#10; +  where 401 = &lt;Response [401]&gt;.status_code">backend/tests/test_login_regression.py:23: in test_seeded_login_success
    assert r.status_code == 200, f"{role}/{identifier} login failed: {r.status_code} {r.text}"
E   AssertionError: admin/siya@erank.co.za login failed: 401 {"detail":"Wrong details. Please check and try again."}
E   assert 401 == 200
E    +  where 401 = &lt;Response [401]&gt;.status_code</failure></testcase><testcase classname="tests.test_login_regression" name="test_seeded_login_success[owner-Mzamo Vilakazi-123456-True]" time="0.344"><failure message="AssertionError: owner must_change expected True, got False&#10;assert False == True&#10; +  where False = &lt;built-in method get of dict object at 0xfc1ae4aafb40&gt;('must_change')&#10; +    where &lt;built-in method get of dict object at 0xfc1ae4aafb40&gt; = {'role': 'owner', 'full_name': 'Mzamo Vilakazi', 'username': 'mzamo vilakazi', 'email': 'mzamovilakazi@gmail.com', ...}.get">backend/tests/test_login_regression.py:28: in test_seeded_login_success
    assert user.get("must_change") == expected_must_change, f"{role} must_change expected {expected_must_change}, got {user.get('must_change')}"
E   AssertionError: owner must_change expected True, got False
E   assert False == True
E    +  where False = &lt;built-in method get of dict object at 0xfc1ae4aafb40&gt;('must_change')
E    +    where &lt;built-in method get of dict object at 0xfc1ae4aafb40&gt; = {'role': 'owner', 'full_name': 'Mzamo Vilakazi', 'username': 'mzamo vilakazi', 'email': 'mzamovilakazi@gmail.com', ...}.get</failure></testcase><testcase classname="tests.test_login_regression" name="test_seeded_login_success[marshal-Muzi Sogoni-123456789-True]" time="0.344"><failure message="AssertionError: marshal must_change expected True, got False&#10;assert False == True&#10; +  where False = &lt;built-in method get of dict object at 0xfc1ae4a69400&gt;('must_change')&#10; +    where &lt;built-in method get of dict object at 0xfc1ae4a69400&gt; = {'role': 'marshal', 'full_name': 'Muzi Sogoni', 'username': 'muzi sogoni', 'cell_phone': '+27794568526', ...}.get">backend/tests/test_login_regression.py:28: in test_seeded_login_success
    assert user.get("must_change") == expected_must_change, f"{role} must_change expected {expected_must_change}, got {user.get('must_change')}"
E   AssertionError: marshal must_change expected True, got False
E   assert False == True
E    +  where False = &lt;built-in method get of dict object at 0xfc1ae4a69400&gt;('must_change')
E    +    where &lt;built-in method get of dict object at 0xfc1ae4a69400&gt; = {'role': 'marshal', 'full_name': 'Muzi Sogoni', 'username': 'muzi sogoni', 'cell_phone': '+27794568526', ...}.get</failure></testcase><testcase classname="tests.test_login_regression" name="test_seeded_login_success[driver-Sizwe Dlomo-12345678-True]" time="0.387"><failure message="AssertionError: driver must_change expected True, got False&#10;assert False == True&#10; +  where False = &lt;built-in method get of dict object at 0xfc1ae4aae740&gt;('must_change')&#10; +    where &lt;built-in method get of dict object at 0xfc1ae4aae740&gt; = {'role': 'driver', 'full_name': 'Sizwe Dlomo', 'username': 'sizwe dlomo', 'cell_phone': '+27815698452', ...}.get">backend/tests/test_login_regression.py:28: in test_seeded_login_success
    assert user.get("must_change") == expected_must_change, f"{role} must_change expected {expected_must_change}, got {user.get('must_change')}"
E   AssertionError: driver must_change expected True, got False
E   assert False == True
E    +  where False = &lt;built-in method get of dict object at 0xfc1ae4aae740&gt;('must_change')
E    +    where &lt;built-in method get of dict object at 0xfc1ae4aae740&gt; = {'role': 'driver', 'full_name': 'Sizwe Dlomo', 'username': 'sizwe dlomo', 'cell_phone': '+27815698452', ...}.get</failure></testcase><testcase classname="tests.test_login_regression" name="test_seeded_login_success[passenger-Lizwi Lakhe-246810-False]" time="0.421" /><testcase classname="tests.test_login_regression" name="test_wrong_secret_returns_401" time="0.398" /><testcase classname="tests.test_login_regression" name="test_correct_secret_still_works_after_wrong" time="0.377" /><testcase classname="tests.test_login_regression" name="test_change_secret_flow_with_throwaway_passenger" time="3.078" /></testsuite></testsuites>